<?xml version="1.0" encoding="UTF-8"?>
<!-- Generated by org.testng.reporters.JUnitXMLReporter -->
<testsuite hostname="DESKTOP-J08TL4P" ignored="0" name="TestProfil" tests="13" failures="0" timestamp="19 Oca 2021 01:53:07 GMT" time="7.565" errors="0">
  <testcase name="@BeforeTest b_log_in" time="4.404" classname="MainNabiz.NabizFramework.ProfilKaynakEkle">
    <failure type="org.openqa.selenium.SessionNotCreatedException" message="Unable to create a new remote session. Please check the server log for more details. Original error: An unknown server-side error occurred while processing the command. Original error: Cannot find any free port in range 8200..8299}. Please set the available port number by providing the systemPort capability or double check the processes that are locking ports within this range and terminate these which are not needed anymore
Build info: version: &amp;apos;3.141.59&amp;apos;, revision: &amp;apos;e82be7d358&amp;apos;, time: &amp;apos;2018-11-14T08:17:03&amp;apos;
System info: host: &amp;apos;DESKTOP-J08TL4P&amp;apos;, ip: &amp;apos;192.168.1.104&amp;apos;, os.name: &amp;apos;Windows 10&amp;apos;, os.arch: &amp;apos;amd64&amp;apos;, os.version: &amp;apos;10.0&amp;apos;, java.version: &amp;apos;1.8.0_231&amp;apos;
Driver info: driver.version: AndroidDriver
remote stacktrace: UnknownError: An unknown server-side error occurred while processing the command. Original error: Cannot find any free port in range 8200..8299}. Please set the available port number by providing the systemPort capability or double check the processes that are locking ports within this range and terminate these which are not needed anymore
    at getResponseForW3CError (C:\Users\Emre\AppData\Roaming\npm\node_modules\appium\node_modules\appium-base-driver\lib\protocol\errors.js:804:9)
    at asyncHandler (C:\Users\Emre\AppData\Roaming\npm\node_modules\appium\node_modules\appium-base-driver\lib\protocol\protocol.js:384:37)
Build info: version: &amp;apos;3.141.59&amp;apos;, revision: &amp;apos;e82be7d358&amp;apos;, time: &amp;apos;2018-11-14T08:17:03&amp;apos;
System info: host: &amp;apos;DESKTOP-J08TL4P&amp;apos;, ip: &amp;apos;192.168.1.104&amp;apos;, os.name: &amp;apos;Windows 10&amp;apos;, os.arch: &amp;apos;amd64&amp;apos;, os.version: &amp;apos;10.0&amp;apos;, java.version: &amp;apos;1.8.0_231&amp;apos;
Driver info: driver.version: AndroidDriver">
      <![CDATA[org.openqa.selenium.SessionNotCreatedException: Unable to create a new remote session. Please check the server log for more details. Original error: An unknown server-side error occurred while processing the command. Original error: Cannot find any free port in range 8200..8299}. Please set the available port number by providing the systemPort capability or double check the processes that are locking ports within this range and terminate these which are not needed anymore
Build info: version: '3.141.59', revision: 'e82be7d358', time: '2018-11-14T08:17:03'
System info: host: 'DESKTOP-J08TL4P', ip: '192.168.1.104', os.name: 'Windows 10', os.arch: 'amd64', os.version: '10.0', java.version: '1.8.0_231'
Driver info: driver.version: AndroidDriver
remote stacktrace: UnknownError: An unknown server-side error occurred while processing the command. Original error: Cannot find any free port in range 8200..8299}. Please set the available port number by providing the systemPort capability or double check the processes that are locking ports within this range and terminate these which are not needed anymore
    at getResponseForW3CError (C:\Users\Emre\AppData\Roaming\npm\node_modules\appium\node_modules\appium-base-driver\lib\protocol\errors.js:804:9)
    at asyncHandler (C:\Users\Emre\AppData\Roaming\npm\node_modules\appium\node_modules\appium-base-driver\lib\protocol\protocol.js:384:37)
Build info: version: '3.141.59', revision: 'e82be7d358', time: '2018-11-14T08:17:03'
System info: host: 'DESKTOP-J08TL4P', ip: '192.168.1.104', os.name: 'Windows 10', os.arch: 'amd64', os.version: '10.0', java.version: '1.8.0_231'
Driver info: driver.version: AndroidDriver
at io.appium.java_client.remote.AppiumCommandExecutor$1.createSession(AppiumCommandExecutor.java:208)
at io.appium.java_client.remote.AppiumCommandExecutor.createSession(AppiumCommandExecutor.java:217)
at io.appium.java_client.remote.AppiumCommandExecutor.execute(AppiumCommandExecutor.java:239)
at org.openqa.selenium.remote.RemoteWebDriver.execute(RemoteWebDriver.java:552)
at io.appium.java_client.DefaultGenericMobileDriver.execute(DefaultGenericMobileDriver.java:42)
at io.appium.java_client.AppiumDriver.execute(AppiumDriver.java:1)
at io.appium.java_client.android.AndroidDriver.execute(AndroidDriver.java:1)
at org.openqa.selenium.remote.RemoteWebDriver.startSession(RemoteWebDriver.java:213)
at org.openqa.selenium.remote.RemoteWebDriver.<init>(RemoteWebDriver.java:131)
at io.appium.java_client.DefaultGenericMobileDriver.<init>(DefaultGenericMobileDriver.java:38)
at io.appium.java_client.AppiumDriver.<init>(AppiumDriver.java:84)
at io.appium.java_client.AppiumDriver.<init>(AppiumDriver.java:94)
at io.appium.java_client.android.AndroidDriver.<init>(AndroidDriver.java:95)
at MainNabiz.NabizFramework.BaseNabiz.Capabilities(BaseNabiz.java:99)
at MainNabiz.NabizFramework.ProfilKaynakEkle.b_log_in(ProfilKaynakEkle.java:105)
at io.appium.java_client.remote.AppiumCommandExecutor$1.createSession(AppiumCommandExecutor.java:186)
... 38 more
Caused by: org.openqa.selenium.WebDriverException: An unknown server-side error occurred while processing the command. Original error: Cannot find any free port in range 8200..8299}. Please set the available port number by providing the systemPort capability or double check the processes that are locking ports within this range and terminate these which are not needed anymore
Build info: version: '3.141.59', revision: 'e82be7d358', time: '2018-11-14T08:17:03'
System info: host: 'DESKTOP-J08TL4P', ip: '192.168.1.104', os.name: 'Windows 10', os.arch: 'amd64', os.version: '10.0', java.version: '1.8.0_231'
Driver info: driver.version: AndroidDriver
remote stacktrace: UnknownError: An unknown server-side error occurred while processing the command. Original error: Cannot find any free port in range 8200..8299}. Please set the available port number by providing the systemPort capability or double check the processes that are locking ports within this range and terminate these which are not needed anymore
    at getResponseForW3CError (C:\Users\Emre\AppData\Roaming\npm\node_modules\appium\node_modules\appium-base-driver\lib\protocol\errors.js:804:9)
    at asyncHandler (C:\Users\Emre\AppData\Roaming\npm\node_modules\appium\node_modules\appium-base-driver\lib\protocol\protocol.js:384:37)
at org.openqa.selenium.remote.W3CHandshakeResponse.lambda$errorHandler$0(W3CHandshakeResponse.java:62)
at org.openqa.selenium.remote.HandshakeResponse.lambda$getResponseFunction$0(HandshakeResponse.java:30)
at org.openqa.selenium.remote.ProtocolHandshake.lambda$createSession$0(ProtocolHandshake.java:126)
at java.util.stream.ReferencePipeline$3$1.accept(Unknown Source)
at java.util.Spliterators$ArraySpliterator.tryAdvance(Unknown Source)
at java.util.stream.ReferencePipeline.forEachWithCancel(Unknown Source)
at java.util.stream.AbstractPipeline.copyIntoWithCancel(Unknown Source)
at java.util.stream.AbstractPipeline.copyInto(Unknown Source)
at java.util.stream.AbstractPipeline.wrapAndCopyInto(Unknown Source)
at java.util.stream.FindOps$FindOp.evaluateSequential(Unknown Source)
at java.util.stream.AbstractPipeline.evaluate(Unknown Source)
at java.util.stream.ReferencePipeline.findFirst(Unknown Source)
at org.openqa.selenium.remote.ProtocolHandshake.createSession(ProtocolHandshake.java:128)
... 43 more
... Removed 33 stack frames]]>
    </failure>
  </testcase> <!-- @BeforeTest b_log_in -->
  <testcase name="@BeforeMethod BeforeMethod" time="0.0" classname="MainNabiz.NabizFramework.ProfilKaynakEkle">
    <skipped/>
  </testcase> <!-- @BeforeMethod BeforeMethod -->
  <testcase name="@AfterMethod AfterMethod" time="0.0" classname="MainNabiz.NabizFramework.ProfilKaynakEkle">
    <skipped/>
  </testcase> <!-- @AfterMethod AfterMethod -->
  <testcase name="@BeforeMethod BeforeMethod" time="0.0" classname="MainNabiz.NabizFramework.ProfilKaynakCikar">
    <skipped/>
  </testcase> <!-- @BeforeMethod BeforeMethod -->
  <testcase name="@AfterMethod AfterMethod" time="0.0" classname="MainNabiz.NabizFramework.ProfilKaynakCikar">
    <skipped/>
  </testcase> <!-- @AfterMethod AfterMethod -->
  <testcase name="@BeforeMethod BeforeMethod" time="0.0" classname="MainNabiz.NabizFramework.ProfilGeceModu">
    <skipped/>
  </testcase> <!-- @BeforeMethod BeforeMethod -->
  <testcase name="@AfterMethod AfterMethod" time="0.0" classname="MainNabiz.NabizFramework.ProfilGeceModu">
    <skipped/>
  </testcase> <!-- @AfterMethod AfterMethod -->
  <testcase name="@BeforeMethod BeforeMethod" time="0.0" classname="MainNabiz.NabizFramework.FavoriHaberEkle">
    <skipped/>
  </testcase> <!-- @BeforeMethod BeforeMethod -->
  <testcase name="@AfterMethod AfterMethod" time="0.0" classname="MainNabiz.NabizFramework.FavoriHaberEkle">
    <skipped/>
  </testcase> <!-- @AfterMethod AfterMethod -->
  <testcase name="@BeforeMethod BeforeMethod" time="0.0" classname="MainNabiz.NabizFramework.FavoriHaberCikar">
    <skipped/>
  </testcase> <!-- @BeforeMethod BeforeMethod -->
  <testcase name="@AfterMethod AfterMethod" time="0.0" classname="MainNabiz.NabizFramework.FavoriHaberCikar">
    <skipped/>
  </testcase> <!-- @AfterMethod AfterMethod -->
  <testcase name="@BeforeMethod BeforeMethod" time="0.0" classname="MainNabiz.NabizFramework.YorumEkleSil">
    <skipped/>
  </testcase> <!-- @BeforeMethod BeforeMethod -->
  <testcase name="@AfterMethod AfterMethod" time="0.0" classname="MainNabiz.NabizFramework.YorumEkleSil">
    <skipped/>
  </testcase> <!-- @AfterMethod AfterMethod -->
  <testcase name="@BeforeMethod BeforeMethod" time="0.0" classname="MainNabiz.NabizFramework.BaslıkBoyutuAyarla">
    <skipped/>
  </testcase> <!-- @BeforeMethod BeforeMethod -->
  <testcase name="@AfterMethod AfterMethod" time="0.0" classname="MainNabiz.NabizFramework.BaslıkBoyutuAyarla">
    <skipped/>
  </testcase> <!-- @AfterMethod AfterMethod -->
  <testcase name="@BeforeMethod BeforeMethod" time="0.0" classname="MainNabiz.NabizFramework.FacebookSayfamiz">
    <skipped/>
  </testcase> <!-- @BeforeMethod BeforeMethod -->
  <testcase name="@AfterMethod AfterMethod" time="0.0" classname="MainNabiz.NabizFramework.FacebookSayfamiz">
    <skipped/>
  </testcase> <!-- @AfterMethod AfterMethod -->
  <testcase name="@BeforeMethod BeforeMethod" time="0.0" classname="MainNabiz.NabizFramework.TwitterSayfamiz">
    <skipped/>
  </testcase> <!-- @BeforeMethod BeforeMethod -->
  <testcase name="@AfterMethod AfterMethod" time="0.0" classname="MainNabiz.NabizFramework.TwitterSayfamiz">
    <skipped/>
  </testcase> <!-- @AfterMethod AfterMethod -->
  <testcase name="@BeforeMethod BeforeMethod" time="0.0" classname="MainNabiz.NabizFramework.InstagramSayfamiz">
    <skipped/>
  </testcase> <!-- @BeforeMethod BeforeMethod -->
  <testcase name="@AfterMethod AfterMethod" time="0.0" classname="MainNabiz.NabizFramework.InstagramSayfamiz">
    <skipped/>
  </testcase> <!-- @AfterMethod AfterMethod -->
  <testcase name="@BeforeMethod BeforeMethod" time="0.0" classname="MainNabiz.NabizFramework.AramaYapma">
    <skipped/>
  </testcase> <!-- @BeforeMethod BeforeMethod -->
  <testcase name="@AfterMethod AfterMethod" time="0.0" classname="MainNabiz.NabizFramework.AramaYapma">
    <skipped/>
  </testcase> <!-- @AfterMethod AfterMethod -->
  <testcase name="@BeforeMethod BeforeMethod" time="0.0" classname="MainNabiz.NabizFramework.NabizDergileriKontrol">
    <skipped/>
  </testcase> <!-- @BeforeMethod BeforeMethod -->
  <testcase name="@AfterMethod AfterMethod" time="0.0" classname="MainNabiz.NabizFramework.NabizDergileriKontrol">
    <skipped/>
  </testcase> <!-- @AfterMethod AfterMethod -->
  <testcase name="@BeforeMethod BeforeMethod" time="0.0" classname="MainNabiz.NabizFramework.KaynakOnerme">
    <skipped/>
  </testcase> <!-- @BeforeMethod BeforeMethod -->
  <testcase name="@AfterMethod AfterMethod" time="0.0" classname="MainNabiz.NabizFramework.KaynakOnerme">
    <skipped/>
  </testcase> <!-- @AfterMethod AfterMethod -->
  <testcase name="@AfterTest log_out" time="0.0" classname="MainNabiz.NabizFramework.ProfilKaynakEkle">
    <skipped/>
  </testcase> <!-- @AfterTest log_out -->
  <testcase name="kaynaklari_Duzenle" time="0.0" classname="MainNabiz.NabizFramework.ProfilKaynakEkle">
    <skipped/>
  </testcase> <!-- kaynaklari_Duzenle -->
  <testcase name="kaynaklari_Duzenle" time="0.0" classname="MainNabiz.NabizFramework.ProfilKaynakCikar">
    <skipped/>
  </testcase> <!-- kaynaklari_Duzenle -->
  <testcase name="gece_modu" time="0.0" classname="MainNabiz.NabizFramework.ProfilGeceModu">
    <skipped/>
  </testcase> <!-- gece_modu -->
  <testcase name="favorilere_ekle" time="0.0" classname="MainNabiz.NabizFramework.FavoriHaberEkle">
    <skipped/>
  </testcase> <!-- favorilere_ekle -->
  <testcase name="favorilerden_cikar" time="0.0" classname="MainNabiz.NabizFramework.FavoriHaberCikar">
    <skipped/>
  </testcase> <!-- favorilerden_cikar -->
  <testcase name="yorum_ekle_sil" time="0.0" classname="MainNabiz.NabizFramework.YorumEkleSil">
    <skipped/>
  </testcase> <!-- yorum_ekle_sil -->
  <testcase name="baslik_boyutu_ayarla" time="0.0" classname="MainNabiz.NabizFramework.BaslıkBoyutuAyarla">
    <skipped/>
  </testcase> <!-- baslik_boyutu_ayarla -->
  <testcase name="facebook_sayfasi" time="0.0" classname="MainNabiz.NabizFramework.FacebookSayfamiz">
    <skipped/>
  </testcase> <!-- facebook_sayfasi -->
  <testcase name="twitter_sayfasi" time="0.0" classname="MainNabiz.NabizFramework.TwitterSayfamiz">
    <skipped/>
  </testcase> <!-- twitter_sayfasi -->
  <testcase name="instagram_sayfasi" time="0.0" classname="MainNabiz.NabizFramework.InstagramSayfamiz">
    <skipped/>
  </testcase> <!-- instagram_sayfasi -->
  <testcase name="arama_yap" time="0.0" classname="MainNabiz.NabizFramework.AramaYapma">
    <skipped/>
  </testcase> <!-- arama_yap -->
  <testcase name="nabiz_dergileri_kontrol_et" time="0.0" classname="MainNabiz.NabizFramework.NabizDergileriKontrol">
    <skipped/>
  </testcase> <!-- nabiz_dergileri_kontrol_et -->
  <testcase name="kaynak_oner" time="0.0" classname="MainNabiz.NabizFramework.KaynakOnerme">
    <skipped/>
  </testcase> <!-- kaynak_oner -->
</testsuite> <!-- TestProfil -->
