<?xml version="1.0" encoding="UTF-8"?>
<!-- Generated by org.testng.reporters.JUnitXMLReporter -->
<testsuite hostname="DESKTOP-J08TL4P" ignored="0" name="TestProfil" tests="13" failures="1" timestamp="19 Oca 2021 03:34:45 GMT" time="492.757" errors="0">
  <testcase name="kaynaklari_Duzenle" time="18.389" classname="MainNabiz.NabizFramework.ProfilKaynakEkle"/>
  <testcase name="kaynaklari_Duzenle" time="18.639" classname="MainNabiz.NabizFramework.ProfilKaynakCikar"/>
  <testcase name="gece_modu" time="7.821" classname="MainNabiz.NabizFramework.ProfilGeceModu"/>
  <testcase name="favorilere_ekle" time="18.605" classname="MainNabiz.NabizFramework.FavoriHaberEkle"/>
  <testcase name="favorilerden_cikar" time="12.601" classname="MainNabiz.NabizFramework.FavoriHaberCikar"/>
  <testcase name="yorum_ekle_sil" time="24.806" classname="MainNabiz.NabizFramework.YorumEkleSil"/>
  <testcase name="baslik_boyutu_ayarla" time="7.093" classname="MainNabiz.NabizFramework.BaslÄ±kBoyutuAyarla"/>
  <testcase name="facebook_sayfasi" time="16.858" classname="MainNabiz.NabizFramework.FacebookSayfamiz"/>
  <testcase name="twitter_sayfasi" time="15.688" classname="MainNabiz.NabizFramework.TwitterSayfamiz"/>
  <testcase name="instagram_sayfasi" time="15.145" classname="MainNabiz.NabizFramework.InstagramSayfamiz"/>
  <testcase name="arama_yap" time="13.441" classname="MainNabiz.NabizFramework.AramaYapma"/>
  <testcase name="nabiz_dergileri_kontrol_et" time="14.921" classname="MainNabiz.NabizFramework.NabizDergileriKontrol"/>
  <testcase name="kaynak_oner" time="26.051" classname="MainNabiz.NabizFramework.KaynakOnerme">
    <failure type="org.openqa.selenium.NoSuchElementException" message="Can&amp;apos;t locate an element by this strategy: By.chained({By.id: com.waveline.nabiz:id/source_edit_field})">
      <![CDATA[org.openqa.selenium.NoSuchElementException: Can't locate an element by this strategy: By.chained({By.id: com.waveline.nabiz:id/source_edit_field})
at io.appium.java_client.pagefactory.AppiumElementLocator.findElement(AppiumElementLocator.java:126)
at io.appium.java_client.pagefactory.interceptors.InterceptorOfASingleElement.intercept(InterceptorOfASingleElement.java:59)
at io.appium.java_client.android.AndroidElement$$EnhancerByCGLIB$$b598166c.isDisplayed(<generated>)
at MainNabiz.NabizFramework.KaynakOnerme.kaynak_oner(KaynakOnerme.java:28)
Caused by: org.openqa.selenium.TimeoutException: Expected condition failed: waiting for io.appium.java_client.pagefactory.AppiumElementLocator$WaitingFunction@22ead351 (tried for 1 second(s) with 500 milliseconds interval)
at org.openqa.selenium.support.ui.FluentWait.timeoutException(FluentWait.java:304)
at org.openqa.selenium.support.ui.FluentWait.until(FluentWait.java:272)
at io.appium.java_client.pagefactory.AppiumElementLocator.waitFor(AppiumElementLocator.java:99)
at io.appium.java_client.pagefactory.AppiumElementLocator.findElement(AppiumElementLocator.java:119)
... 32 more
Caused by: org.openqa.selenium.NoSuchElementException: Cannot locate an element using By.chained({By.id: com.waveline.nabiz:id/source_edit_field})
For documentation on this error, please visit: https://www.seleniumhq.org/exceptions/no_such_element.html
Build info: version: '3.141.59', revision: 'e82be7d358', time: '2018-11-14T08:17:03'
System info: host: 'DESKTOP-J08TL4P', ip: '192.168.1.104', os.name: 'Windows 10', os.arch: 'amd64', os.version: '10.0', java.version: '1.8.0_231'
Driver info: driver.version: AndroidDriver
at io.appium.java_client.pagefactory.bys.builder.ByChained.findElement(ByChained.java:74)
at org.openqa.selenium.remote.RemoteWebDriver.findElement(RemoteWebDriver.java:315)
at io.appium.java_client.DefaultGenericMobileDriver.findElement(DefaultGenericMobileDriver.java:58)
at io.appium.java_client.AppiumDriver.findElement(AppiumDriver.java:1)
at io.appium.java_client.android.AndroidDriver.findElement(AndroidDriver.java:1)
at io.appium.java_client.pagefactory.bys.ContentMappedBy.findElement(ContentMappedBy.java:50)
at org.openqa.selenium.remote.RemoteWebDriver.findElement(RemoteWebDriver.java:315)
at io.appium.java_client.DefaultGenericMobileDriver.findElement(DefaultGenericMobileDriver.java:58)
at io.appium.java_client.AppiumDriver.findElement(AppiumDriver.java:1)
at io.appium.java_client.android.AndroidDriver.findElement(AndroidDriver.java:1)
at io.appium.java_client.pagefactory.AppiumElementLocator.lambda$0(AppiumElementLocator.java:120)
at io.appium.java_client.pagefactory.AppiumElementLocator$WaitingFunction.apply(AppiumElementLocator.java:172)
at io.appium.java_client.pagefactory.AppiumElementLocator$WaitingFunction.apply(AppiumElementLocator.java:1)
at org.openqa.selenium.support.ui.FluentWait.until(FluentWait.java:249)
... 34 more
... Removed 29 stack frames]]>
    </failure>
  </testcase> <!-- kaynak_oner -->
</testsuite> <!-- TestProfil -->
